{"numTotalTestSuites":12,"numPassedTestSuites":12,"numFailedTestSuites":0,"numPendingTestSuites":0,"numTotalTests":60,"numPassedTests":60,"numFailedTests":0,"numPendingTests":0,"numTodoTests":0,"snapshot":{"added":0,"failure":false,"filesAdded":0,"filesRemoved":0,"filesRemovedList":[],"filesUnmatched":0,"filesUpdated":0,"matched":0,"total":0,"unchecked":0,"uncheckedKeysByFile":[],"unmatched":0,"updated":0,"didUpdate":false},"startTime":1773162660051,"success":true,"testResults":[{"assertionResults":[{"ancestorTitles":["Unit Tests: Backend i Dane"],"fullName":"Unit Tests: Backend i Dane 21. Set monet powinien być konwertowany na Array przed JSON.stringify","status":"passed","title":"21. Set monet powinien być konwertowany na Array przed JSON.stringify","duration":0.8323780000000056,"failureMessages":[],"meta":{}},{"ancestorTitles":["Unit Tests: Backend i Dane"],"fullName":"Unit Tests: Backend i Dane 22. Obiekt zapisu powinien zawierać wymagane klucze","status":"passed","title":"22. Obiekt zapisu powinien zawierać wymagane klucze","duration":0.2732759999999814,"failureMessages":[],"meta":{}},{"ancestorTitles":["Unit Tests: Backend i Dane"],"fullName":"Unit Tests: Backend i Dane 23. Token powinien być formatowany jako Bearer","status":"passed","title":"23. Token powinien być formatowany jako Bearer","duration":0.11428999999998268,"failureMessages":[],"meta":{}},{"ancestorTitles":["Unit Tests: Backend i Dane"],"fullName":"Unit Tests: Backend i Dane 24. Pusty localStorage powinien zwracać null","status":"passed","title":"24. Pusty localStorage powinien zwracać null","duration":0.11766000000000076,"failureMessages":[],"meta":{}},{"ancestorTitles":["Unit Tests: Backend i Dane"],"fullName":"Unit Tests: Backend i Dane 25. Konfiguracja Fetch powinna zawierać metodę POST","status":"passed","title":"25. Konfiguracja Fetch powinna zawierać metodę POST","duration":0.09991999999999734,"failureMessages":[],"meta":{}},{"ancestorTitles":["Unit Tests: Backend i Dane"],"fullName":"Unit Tests: Backend i Dane 26. Progres nie powinien zostać nadpisany, jeśli dane są uszkodzone","status":"passed","title":"26. Progres nie powinien zostać nadpisany, jeśli dane są uszkodzone","duration":0.08362399999998615,"failureMessages":[],"meta":{}},{"ancestorTitles":["Unit Tests: Backend i Dane"],"fullName":"Unit Tests: Backend i Dane 27. Adres API powinien kończyć się na /save lub /load","status":"passed","title":"27. Adres API powinien kończyć się na /save lub /load","duration":0.0695259999999962,"failureMessages":[],"meta":{}},{"ancestorTitles":["Unit Tests: Backend i Dane"],"fullName":"Unit Tests: Backend i Dane 28. CoinsCollected po załadowaniu powinien być obiektem typu Set","status":"passed","title":"28. CoinsCollected po załadowaniu powinien być obiektem typu Set","duration":0.07919699999999352,"failureMessages":[],"meta":{}},{"ancestorTitles":["Unit Tests: Backend i Dane"],"fullName":"Unit Tests: Backend i Dane 29. System powinien wykryć brak tokena (401)","status":"passed","title":"29. System powinien wykryć brak tokena (401)","duration":0.08245300000001521,"failureMessages":[],"meta":{}},{"ancestorTitles":["Unit Tests: Backend i Dane"],"fullName":"Unit Tests: Backend i Dane 30. Rozmiar cząsteczek nie powinien być ujemny","status":"passed","title":"30. Rozmiar cząsteczek nie powinien być ujemny","duration":0.1363110000000063,"failureMessages":[],"meta":{}}],"startTime":1773162660223,"endTime":1773162660225.1362,"status":"passed","message":"","name":"/home/grinnazar/University/Semestr1/AITSI/Project1/AiTSI/tests/data.spec.ts"},{"assertionResults":[{"ancestorTitles":["Unit Tests: Logika Gry"],"fullName":"Unit Tests: Logika Gry 11. Odległość zbierania monet powinna być obliczana z tw. Pitagorasa","status":"passed","title":"11. Odległość zbierania monet powinna być obliczana z tw. Pitagorasa","duration":0.8709889999999803,"failureMessages":[],"meta":{}},{"ancestorTitles":["Unit Tests: Logika Gry"],"fullName":"Unit Tests: Logika Gry 12. Moneta powinna być zebrana przy dystansie < 25","status":"passed","title":"12. Moneta powinna być zebrana przy dystansie < 25","duration":0.16627299999998968,"failureMessages":[],"meta":{}},{"ancestorTitles":["Unit Tests: Logika Gry"],"fullName":"Unit Tests: Logika Gry 13. Zebranie monety powinno dawać 10 punktów","status":"passed","title":"13. Zebranie monety powinno dawać 10 punktów","duration":0.09853099999997994,"failureMessages":[],"meta":{}},{"ancestorTitles":["Unit Tests: Logika Gry"],"fullName":"Unit Tests: Logika Gry 14. Set nie powinien pozwolić zebrać tej samej monety dwa razy","status":"passed","title":"14. Set nie powinien pozwolić zebrać tej samej monety dwa razy","duration":0.09332900000001132,"failureMessages":[],"meta":{}},{"ancestorTitles":["Unit Tests: Logika Gry"],"fullName":"Unit Tests: Logika Gry 15. Animacja monety powinna używać funkcji Sinus","status":"passed","title":"15. Animacja monety powinna używać funkcji Sinus","duration":0.08951400000000831,"failureMessages":[],"meta":{}},{"ancestorTitles":["Unit Tests: Logika Gry"],"fullName":"Unit Tests: Logika Gry 16. Śmierć powinna zmieniać stan na game-over","status":"passed","title":"16. Śmierć powinna zmieniać stan na game-over","duration":0.06495499999999765,"failureMessages":[],"meta":{}},{"ancestorTitles":["Unit Tests: Logika Gry"],"fullName":"Unit Tests: Logika Gry 17. Przejście poziomu powinno zwiększać levelIndex","status":"passed","title":"17. Przejście poziomu powinno zwiększać levelIndex","duration":0.06271300000000224,"failureMessages":[],"meta":{}},{"ancestorTitles":["Unit Tests: Logika Gry"],"fullName":"Unit Tests: Logika Gry 18. LevelIndex nie powinien przekroczyć liczby poziomów","status":"passed","title":"18. LevelIndex nie powinien przekroczyć liczby poziomów","duration":0.06793899999999553,"failureMessages":[],"meta":{}},{"ancestorTitles":["Unit Tests: Logika Gry"],"fullName":"Unit Tests: Logika Gry 19. Restart powinien zerować wynik","status":"passed","title":"19. Restart powinien zerować wynik","duration":0.07094799999998713,"failureMessages":[],"meta":{}},{"ancestorTitles":["Unit Tests: Logika Gry"],"fullName":"Unit Tests: Logika Gry 20. Kierunek (facing) powinien zależeć od vx","status":"passed","title":"20. Kierunek (facing) powinien zależeć od vx","duration":0.10570899999999028,"failureMessages":[],"meta":{}}],"startTime":1773162660207,"endTime":1773162660208.1663,"status":"passed","message":"","name":"/home/grinnazar/University/Semestr1/AITSI/Project1/AiTSI/tests/game-logic.spec.ts"},{"assertionResults":[{"ancestorTitles":["Unit Tests: Fizyka"],"fullName":"Unit Tests: Fizyka 1. Grawitacja powinna zwiększać prędkość pionową","status":"passed","title":"1. Grawitacja powinna zwiększać prędkość pionową","duration":0.72042399999998,"failureMessages":[],"meta":{}},{"ancestorTitles":["Unit Tests: Fizyka"],"fullName":"Unit Tests: Fizyka 2. Skok powinien nadawać ujemną prędkość","status":"passed","title":"2. Skok powinien nadawać ujemną prędkość","duration":0.15733800000000997,"failureMessages":[],"meta":{}},{"ancestorTitles":["Unit Tests: Fizyka"],"fullName":"Unit Tests: Fizyka 3. Postać powinna opadać szybciej z każdym klatką","status":"passed","title":"3. Postać powinna opadać szybciej z każdym klatką","duration":0.10087599999999952,"failureMessages":[],"meta":{}},{"ancestorTitles":["Unit Tests: Fizyka"],"fullName":"Unit Tests: Fizyka 4. Prędkość pionowa po odbiciu od sufitu powinna być 0","status":"passed","title":"4. Prędkość pionowa po odbiciu od sufitu powinna być 0","duration":0.08634399999999687,"failureMessages":[],"meta":{}},{"ancestorTitles":["Unit Tests: Fizyka"],"fullName":"Unit Tests: Fizyka 5. Terminal velocity: prędkość spadania nie powinna być nieskończona","status":"passed","title":"5. Terminal velocity: prędkość spadania nie powinna być nieskończona","duration":0.09708399999999529,"failureMessages":[],"meta":{}},{"ancestorTitles":["Unit Tests: Fizyka"],"fullName":"Unit Tests: Fizyka 6. Tarcie powinno zmniejszać prędkość poziomą o 20%","status":"passed","title":"6. Tarcie powinno zmniejszać prędkość poziomą o 20%","duration":0.0800389999999993,"failureMessages":[],"meta":{}},{"ancestorTitles":["Unit Tests: Fizyka"],"fullName":"Unit Tests: Fizyka 7. Pozycja gracza powinna być korygowana po wylądowaniu","status":"passed","title":"7. Pozycja gracza powinna być korygowana po wylądowaniu","duration":0.12238200000001598,"failureMessages":[],"meta":{}},{"ancestorTitles":["Unit Tests: Fizyka"],"fullName":"Unit Tests: Fizyka 8. Grounded powinno być true tylko gdy gracz stoi na platformie","status":"passed","title":"8. Grounded powinno być true tylko gdy gracz stoi na platformie","duration":0.15166100000001848,"failureMessages":[],"meta":{}},{"ancestorTitles":["Unit Tests: Fizyka"],"fullName":"Unit Tests: Fizyka 9. Kolizja boczna powinna resetować vx","status":"passed","title":"9. Kolizja boczna powinna resetować vx","duration":0.14812599999999065,"failureMessages":[],"meta":{}},{"ancestorTitles":["Unit Tests: Fizyka"],"fullName":"Unit Tests: Fizyka 10. Gracz nie powinien wyjść poza lewą krawędź (x < 0)","status":"passed","title":"10. Gracz nie powinien wyjść poza lewą krawędź (x < 0)","duration":0.17080900000001975,"failureMessages":[],"meta":{}}],"startTime":1773162660220,"endTime":1773162660222.171,"status":"passed","message":"","name":"/home/grinnazar/University/Semestr1/AITSI/Project1/AiTSI/tests/physics.spec.ts"},{"assertionResults":[{"ancestorTitles":["Data & Validation"],"fullName":"Data & Validation 21. should pass validation for correct save data","status":"passed","title":"21. should pass validation for correct save data","duration":0.7623059999999953,"failureMessages":[],"meta":{}},{"ancestorTitles":["Data & Validation"],"fullName":"Data & Validation 22. should fail validation if levelIndex is negative","status":"passed","title":"22. should fail validation if levelIndex is negative","duration":0.1321049999999957,"failureMessages":[],"meta":{}},{"ancestorTitles":["Data & Validation"],"fullName":"Data & Validation 23. should fail validation if score is negative","status":"passed","title":"23. should fail validation if score is negative","duration":0.09872500000000173,"failureMessages":[],"meta":{}},{"ancestorTitles":["Data & Validation"],"fullName":"Data & Validation 24. should fail validation if coinsCollected is not an array","status":"passed","title":"24. should fail validation if coinsCollected is not an array","duration":0.09740000000002169,"failureMessages":[],"meta":{}},{"ancestorTitles":["Data & Validation"],"fullName":"Data & Validation 25. should fail validation for null/undefined data","status":"passed","title":"25. should fail validation for null/undefined data","duration":0.1546639999999968,"failureMessages":[],"meta":{}},{"ancestorTitles":["Data & Validation"],"fullName":"Data & Validation 26. should have at least 3 levels defined in constants","status":"passed","title":"26. should have at least 3 levels defined in constants","duration":0.1428989999999999,"failureMessages":[],"meta":{}},{"ancestorTitles":["Data & Validation"],"fullName":"Data & Validation 27. each level should have a starting position","status":"passed","title":"27. each level should have a starting position","duration":0.2636360000000195,"failureMessages":[],"meta":{}},{"ancestorTitles":["Data & Validation"],"fullName":"Data & Validation 28. each level should have at least one platform","status":"passed","title":"28. each level should have at least one platform","duration":0.1883489999999881,"failureMessages":[],"meta":{}},{"ancestorTitles":["Data & Validation"],"fullName":"Data & Validation 29. each level should have coins defined","status":"passed","title":"29. each level should have coins defined","duration":0.21935600000000477,"failureMessages":[],"meta":{}},{"ancestorTitles":["Data & Validation"],"fullName":"Data & Validation 30. exit should be within canvas boundaries for each level","status":"passed","title":"30. exit should be within canvas boundaries for each level","duration":0.3616350000000068,"failureMessages":[],"meta":{}}],"startTime":1773162660235,"endTime":1773162660237.3616,"status":"passed","message":"","name":"/home/grinnazar/University/Semestr1/AITSI/Project1/AiTSI/tests/unit-data-integrity_NH.test.ts"},{"assertionResults":[{"ancestorTitles":["Game Logic"],"fullName":"Game Logic 11. should collect a coin when close enough","status":"passed","title":"11. should collect a coin when close enough","duration":2.0858949999999936,"failureMessages":[],"meta":{}},{"ancestorTitles":["Game Logic"],"fullName":"Game Logic 12. should NOT collect a coin when far away","status":"passed","title":"12. should NOT collect a coin when far away","duration":0.8076509999999928,"failureMessages":[],"meta":{}},{"ancestorTitles":["Game Logic"],"fullName":"Game Logic 13. should NOT collect a coin that is already collected","status":"passed","title":"13. should NOT collect a coin that is already collected","duration":0.33885600000002114,"failureMessages":[],"meta":{}},{"ancestorTitles":["Game Logic"],"fullName":"Game Logic 14. should detect collision with the exit door","status":"passed","title":"14. should detect collision with the exit door","duration":0.44399000000001365,"failureMessages":[],"meta":{}},{"ancestorTitles":["Game Logic"],"fullName":"Game Logic 15. should NOT detect collision with a far away exit door","status":"passed","title":"15. should NOT detect collision with a far away exit door","duration":0.24886300000000006,"failureMessages":[],"meta":{}},{"ancestorTitles":["Game Logic"],"fullName":"Game Logic 16. should correctly update score by +10 for one coin","status":"passed","title":"16. should correctly update score by +10 for one coin","duration":0.2110259999999755,"failureMessages":[],"meta":{}},{"ancestorTitles":["Game Logic"],"fullName":"Game Logic 17. should correctly update score for multiple coins","status":"passed","title":"17. should correctly update score for multiple coins","duration":0.16065299999999638,"failureMessages":[],"meta":{}},{"ancestorTitles":["Game Logic"],"fullName":"Game Logic 18. should handle zero coins collection without changing score","status":"passed","title":"18. should handle zero coins collection without changing score","duration":0.14950200000001246,"failureMessages":[],"meta":{}},{"ancestorTitles":["Game Logic"],"fullName":"Game Logic 19. should distinguish between different coins","status":"passed","title":"19. should distinguish between different coins","duration":0.45171600000000467,"failureMessages":[],"meta":{}},{"ancestorTitles":["Game Logic"],"fullName":"Game Logic 20. should allow collecting multiple coins in one check if overlapping","status":"passed","title":"20. should allow collecting multiple coins in one check if overlapping","duration":0.3476129999999955,"failureMessages":[],"meta":{}}],"startTime":1773162660232,"endTime":1773162660237.4517,"status":"passed","message":"","name":"/home/grinnazar/University/Semestr1/AITSI/Project1/AiTSI/tests/unit-gameplay-mechanics_NH.test.ts"},{"assertionResults":[{"ancestorTitles":["Physics Engine"],"fullName":"Physics Engine 1. should apply gravity correctly","status":"passed","title":"1. should apply gravity correctly","duration":0.900669999999991,"failureMessages":[],"meta":{}},{"ancestorTitles":["Physics Engine"],"fullName":"Physics Engine 2. should update position based on velocity","status":"passed","title":"2. should update position based on velocity","duration":0.22063899999997716,"failureMessages":[],"meta":{}},{"ancestorTitles":["Physics Engine"],"fullName":"Physics Engine 3. should detect if player is on top of a platform","status":"passed","title":"3. should detect if player is on top of a platform","duration":0.2701179999999965,"failureMessages":[],"meta":{}},{"ancestorTitles":["Physics Engine"],"fullName":"Physics Engine 4. should detect collision from the side","status":"passed","title":"4. should detect collision from the side","duration":0.1806590000000199,"failureMessages":[],"meta":{}},{"ancestorTitles":["Physics Engine"],"fullName":"Physics Engine 5. should constrain player within left boundary","status":"passed","title":"5. should constrain player within left boundary","duration":0.19744600000001356,"failureMessages":[],"meta":{}},{"ancestorTitles":["Physics Engine"],"fullName":"Physics Engine 6. should constrain player within right boundary","status":"passed","title":"6. should constrain player within right boundary","duration":0.1414089999999817,"failureMessages":[],"meta":{}},{"ancestorTitles":["Physics Engine"],"fullName":"Physics Engine 7. should trigger game over if player falls below bottom","status":"passed","title":"7. should trigger game over if player falls below bottom","duration":0.08114100000000235,"failureMessages":[],"meta":{}},{"ancestorTitles":["Physics Engine"],"fullName":"Physics Engine 8. should correctly detect AABB collision overlap","status":"passed","title":"8. should correctly detect AABB collision overlap","duration":0.10604299999999967,"failureMessages":[],"meta":{}},{"ancestorTitles":["Physics Engine"],"fullName":"Physics Engine 9. should correctly detect no AABB collision overlap","status":"passed","title":"9. should correctly detect no AABB collision overlap","duration":0.0735430000000008,"failureMessages":[],"meta":{}},{"ancestorTitles":["Physics Engine"],"fullName":"Physics Engine 10. should handle multiple platforms simultaneously","status":"passed","title":"10. should handle multiple platforms simultaneously","duration":0.11878999999998996,"failureMessages":[],"meta":{}}],"startTime":1773162660232,"endTime":1773162660234.1414,"status":"passed","message":"","name":"/home/grinnazar/University/Semestr1/AITSI/Project1/AiTSI/tests/unit-physics-core_NH.test.ts"}]}