{"numTotalTestSuites":18,"numPassedTestSuites":18,"numFailedTestSuites":0,"numPendingTestSuites":0,"numTotalTests":90,"numPassedTests":90,"numFailedTests":0,"numPendingTests":0,"numTodoTests":0,"snapshot":{"added":0,"failure":false,"filesAdded":0,"filesRemoved":0,"filesRemovedList":[],"filesUnmatched":0,"filesUpdated":0,"matched":0,"total":0,"unchecked":0,"uncheckedKeysByFile":[],"unmatched":0,"updated":0,"didUpdate":false},"startTime":1778717449331,"success":true,"testResults":[{"assertionResults":[{"ancestorTitles":["Unit Tests: Realistic Backend & Data"],"fullName":"Unit Tests: Realistic Backend & Data 21. Coin Set should be converted to Array before JSON.stringify (Array.from check)","status":"passed","title":"21. Coin Set should be converted to Array before JSON.stringify (Array.from check)","duration":1.402938000000006,"failureMessages":[],"meta":{}},{"ancestorTitles":["Unit Tests: Realistic Backend & Data"],"fullName":"Unit Tests: Realistic Backend & Data 22. Save object should contain required keys (score, levelIndex, coinsCollected)","status":"passed","title":"22. Save object should contain required keys (score, levelIndex, coinsCollected)","duration":0.272357999999997,"failureMessages":[],"meta":{}},{"ancestorTitles":["Unit Tests: Realistic Backend & Data"],"fullName":"Unit Tests: Realistic Backend & Data 23. Bearer Token should be correctly used in headers","status":"passed","title":"23. Bearer Token should be correctly used in headers","duration":0.244103999999993,"failureMessages":[],"meta":{}},{"ancestorTitles":["Unit Tests: Realistic Backend & Data"],"fullName":"Unit Tests: Realistic Backend & Data 24. SAVE_KEY should be constant and correct","status":"passed","title":"24. SAVE_KEY should be constant and correct","duration":0.20932500000000687,"failureMessages":[],"meta":{}},{"ancestorTitles":["Unit Tests: Realistic Backend & Data"],"fullName":"Unit Tests: Realistic Backend & Data 25. Fetch configuration for saving (POST)","status":"passed","title":"25. Fetch configuration for saving (POST)","duration":0.27176800000000867,"failureMessages":[],"meta":{}},{"ancestorTitles":["Unit Tests: Realistic Backend & Data"],"fullName":"Unit Tests: Realistic Backend & Data 26. validateSaveData should reject negative score","status":"passed","title":"26. validateSaveData should reject negative score","duration":0.16927400000000148,"failureMessages":[],"meta":{}},{"ancestorTitles":["Unit Tests: Realistic Backend & Data"],"fullName":"Unit Tests: Realistic Backend & Data 27. validateSaveData should reject non-existent level indices","status":"passed","title":"27. validateSaveData should reject non-existent level indices","duration":0.1464979999999798,"failureMessages":[],"meta":{}},{"ancestorTitles":["Unit Tests: Realistic Backend & Data"],"fullName":"Unit Tests: Realistic Backend & Data 28. coinsCollected after loading should be a Set (new Set)","status":"passed","title":"28. coinsCollected after loading should be a Set (new Set)","duration":0.196581000000009,"failureMessages":[],"meta":{}},{"ancestorTitles":["Unit Tests: Realistic Backend & Data"],"fullName":"Unit Tests: Realistic Backend & Data 29. Auth mock should return 401 for an empty token","status":"passed","title":"29. Auth mock should return 401 for an empty token","duration":0.2726889999999855,"failureMessages":[],"meta":{}},{"ancestorTitles":["Unit Tests: Realistic Backend & Data"],"fullName":"Unit Tests: Realistic Backend & Data 30. Particle lifetime should decrease (Logic simulation)","status":"passed","title":"30. Particle lifetime should decrease (Logic simulation)","duration":0.35479499999999575,"failureMessages":[],"meta":{}}],"startTime":1778717449544,"endTime":1778717449548.3547,"status":"passed","message":"","name":"/home/grinnazar_linux/University/AITSI/Project/tests/data.spec.ts"},{"assertionResults":[{"ancestorTitles":["Unit Tests: Realistic Game Logic"],"fullName":"Unit Tests: Realistic Game Logic 11. Coin collection distance should use Pythagorean theorem (25px threshold)","status":"passed","title":"11. Coin collection distance should use Pythagorean theorem (25px threshold)","duration":1.416181999999992,"failureMessages":[],"meta":{}},{"ancestorTitles":["Unit Tests: Realistic Game Logic"],"fullName":"Unit Tests: Realistic Game Logic 12. Coin should NOT be collected at distance > 25","status":"passed","title":"12. Coin should NOT be collected at distance > 25","duration":0.6068340000000205,"failureMessages":[],"meta":{}},{"ancestorTitles":["Unit Tests: Realistic Game Logic"],"fullName":"Unit Tests: Realistic Game Logic 13. Collecting a coin should add +10 to the score","status":"passed","title":"13. Collecting a coin should add +10 to the score","duration":0.24089000000000738,"failureMessages":[],"meta":{}},{"ancestorTitles":["Unit Tests: Realistic Game Logic"],"fullName":"Unit Tests: Realistic Game Logic 14. Set should NOT allow collecting the same coin twice","status":"passed","title":"14. Set should NOT allow collecting the same coin twice","duration":0.31913800000000947,"failureMessages":[],"meta":{}},{"ancestorTitles":["Unit Tests: Realistic Game Logic"],"fullName":"Unit Tests: Realistic Game Logic 15. Level exit should be determined by AABB collision with the door","status":"passed","title":"15. Level exit should be determined by AABB collision with the door","duration":0.2681230000000028,"failureMessages":[],"meta":{}},{"ancestorTitles":["Unit Tests: Realistic Game Logic"],"fullName":"Unit Tests: Realistic Game Logic 16. State change to game-over (Logical check)","status":"passed","title":"16. State change to game-over (Logical check)","duration":0.13936499999999796,"failureMessages":[],"meta":{}},{"ancestorTitles":["Unit Tests: Realistic Game Logic"],"fullName":"Unit Tests: Realistic Game Logic 17. Level transition should correctly sum the result","status":"passed","title":"17. Level transition should correctly sum the result","duration":0.10820499999999811,"failureMessages":[],"meta":{}},{"ancestorTitles":["Unit Tests: Realistic Game Logic"],"fullName":"Unit Tests: Realistic Game Logic 18. LevelIndex should not exceed the limit (App logic check)","status":"passed","title":"18. LevelIndex should not exceed the limit (App logic check)","duration":0.11060500000002094,"failureMessages":[],"meta":{}},{"ancestorTitles":["Unit Tests: Realistic Game Logic"],"fullName":"Unit Tests: Realistic Game Logic 19. Restart should reset score through current helpers","status":"passed","title":"19. Restart should reset score through current helpers","duration":0.2561419999999828,"failureMessages":[],"meta":{}},{"ancestorTitles":["Unit Tests: Realistic Game Logic"],"fullName":"Unit Tests: Realistic Game Logic 20. Facing direction should update logically based on vx","status":"passed","title":"20. Facing direction should update logically based on vx","duration":0.22386899999997922,"failureMessages":[],"meta":{}}],"startTime":1778717449534,"endTime":1778717449538.2239,"status":"passed","message":"","name":"/home/grinnazar_linux/University/AITSI/Project/tests/game-logic.spec.ts"},{"assertionResults":[{"ancestorTitles":["Unit Tests: Realistic Physics"],"fullName":"Unit Tests: Realistic Physics 1. Gravity should increment vertical velocity (using config.GRAVITY)","status":"passed","title":"1. Gravity should increment vertical velocity (using config.GRAVITY)","duration":1.4667590000000246,"failureMessages":[],"meta":{}},{"ancestorTitles":["Unit Tests: Realistic Physics"],"fullName":"Unit Tests: Realistic Physics 2. Jump should set negative vertical velocity (Simulated)","status":"passed","title":"2. Jump should set negative vertical velocity (Simulated)","duration":0.19459799999998495,"failureMessages":[],"meta":{}},{"ancestorTitles":["Unit Tests: Realistic Physics"],"fullName":"Unit Tests: Realistic Physics 3. Player should fall faster with each frame","status":"passed","title":"3. Player should fall faster with each frame","duration":0.2480950000000064,"failureMessages":[],"meta":{}},{"ancestorTitles":["Unit Tests: Realistic Physics"],"fullName":"Unit Tests: Realistic Physics 4. Vertical velocity should be 0 after landing on a platform","status":"passed","title":"4. Vertical velocity should be 0 after landing on a platform","duration":0.469348999999994,"failureMessages":[],"meta":{}},{"ancestorTitles":["Unit Tests: Realistic Physics"],"fullName":"Unit Tests: Realistic Physics 5. updatePosition should correctly move the player based on velocity","status":"passed","title":"5. updatePosition should correctly move the player based on velocity","duration":0.2993139999999812,"failureMessages":[],"meta":{}},{"ancestorTitles":["Unit Tests: Realistic Physics"],"fullName":"Unit Tests: Realistic Physics 6. constrainToBoundaries should stop player at the left edge","status":"passed","title":"6. constrainToBoundaries should stop player at the left edge","duration":0.2664829999999938,"failureMessages":[],"meta":{}},{"ancestorTitles":["Unit Tests: Realistic Physics"],"fullName":"Unit Tests: Realistic Physics 7. Player position should be corrected after landing (on top of platform)","status":"passed","title":"7. Player position should be corrected after landing (on top of platform)","duration":0.1900540000000035,"failureMessages":[],"meta":{}},{"ancestorTitles":["Unit Tests: Realistic Physics"],"fullName":"Unit Tests: Realistic Physics 8. Grounded should be true after colliding with a platform from top","status":"passed","title":"8. Grounded should be true after colliding with a platform from top","duration":0.17235099999999193,"failureMessages":[],"meta":{}},{"ancestorTitles":["Unit Tests: Realistic Physics"],"fullName":"Unit Tests: Realistic Physics 9. Side collision should stop horizontal movement","status":"passed","title":"9. Side collision should stop horizontal movement","duration":0.27106800000001385,"failureMessages":[],"meta":{}},{"ancestorTitles":["Unit Tests: Realistic Physics"],"fullName":"Unit Tests: Realistic Physics 10. Player should not exit beyond the right boundary","status":"passed","title":"10. Player should not exit beyond the right boundary","duration":0.2523740000000032,"failureMessages":[],"meta":{}}],"startTime":1778717449534,"endTime":1778717449538.2524,"status":"passed","message":"","name":"/home/grinnazar_linux/University/AITSI/Project/tests/physics.spec.ts"},{"assertionResults":[{"ancestorTitles":["Data & Validation"],"fullName":"Data & Validation 21. should pass validation for correct save data","status":"passed","title":"21. should pass validation for correct save data","duration":1.1505400000000066,"failureMessages":[],"meta":{}},{"ancestorTitles":["Data & Validation"],"fullName":"Data & Validation 22. should fail validation if levelIndex is negative","status":"passed","title":"22. should fail validation if levelIndex is negative","duration":0.16532199999997488,"failureMessages":[],"meta":{}},{"ancestorTitles":["Data & Validation"],"fullName":"Data & Validation 23. should fail validation if score is negative","status":"passed","title":"23. should fail validation if score is negative","duration":0.14500299999997424,"failureMessages":[],"meta":{}},{"ancestorTitles":["Data & Validation"],"fullName":"Data & Validation 24. should fail validation if coinsCollected is not an array","status":"passed","title":"24. should fail validation if coinsCollected is not an array","duration":0.1877760000000137,"failureMessages":[],"meta":{}},{"ancestorTitles":["Data & Validation"],"fullName":"Data & Validation 25. should fail validation for null/undefined data","status":"passed","title":"25. should fail validation for null/undefined data","duration":0.16892100000001165,"failureMessages":[],"meta":{}},{"ancestorTitles":["Data & Validation"],"fullName":"Data & Validation 26. should have at least 3 levels defined in constants","status":"passed","title":"26. should have at least 3 levels defined in constants","duration":0.1355959999999925,"failureMessages":[],"meta":{}},{"ancestorTitles":["Data & Validation"],"fullName":"Data & Validation 27. each level should have a starting position","status":"passed","title":"27. each level should have a starting position","duration":0.21575099999998315,"failureMessages":[],"meta":{}},{"ancestorTitles":["Data & Validation"],"fullName":"Data & Validation 28. each level should have at least one platform","status":"passed","title":"28. each level should have at least one platform","duration":0.16137299999999755,"failureMessages":[],"meta":{}},{"ancestorTitles":["Data & Validation"],"fullName":"Data & Validation 29. each level should have coins defined","status":"passed","title":"29. each level should have coins defined","duration":0.20599399999997559,"failureMessages":[],"meta":{}},{"ancestorTitles":["Data & Validation"],"fullName":"Data & Validation 30. exit should be within canvas boundaries for each level","status":"passed","title":"30. exit should be within canvas boundaries for each level","duration":0.3093690000000038,"failureMessages":[],"meta":{}}],"startTime":1778717449534,"endTime":1778717449537.3093,"status":"passed","message":"","name":"/home/grinnazar_linux/University/AITSI/Project/tests/unit-data-integrity_NH.test.ts"},{"assertionResults":[{"ancestorTitles":["Game Logic"],"fullName":"Game Logic 11. should collect a coin when close enough","status":"passed","title":"11. should collect a coin when close enough","duration":1.9023369999999886,"failureMessages":[],"meta":{}},{"ancestorTitles":["Game Logic"],"fullName":"Game Logic 12. should NOT collect a coin when far away","status":"passed","title":"12. should NOT collect a coin when far away","duration":0.6786229999999875,"failureMessages":[],"meta":{}},{"ancestorTitles":["Game Logic"],"fullName":"Game Logic 13. should NOT collect a coin that is already collected","status":"passed","title":"13. should NOT collect a coin that is already collected","duration":0.32514400000002297,"failureMessages":[],"meta":{}},{"ancestorTitles":["Game Logic"],"fullName":"Game Logic 14. should detect collision with the exit door","status":"passed","title":"14. should detect collision with the exit door","duration":0.4938110000000222,"failureMessages":[],"meta":{}},{"ancestorTitles":["Game Logic"],"fullName":"Game Logic 15. should NOT detect collision with a far away exit door","status":"passed","title":"15. should NOT detect collision with a far away exit door","duration":0.40208999999998696,"failureMessages":[],"meta":{}},{"ancestorTitles":["Game Logic"],"fullName":"Game Logic 16. should correctly update score by +10 for one coin","status":"passed","title":"16. should correctly update score by +10 for one coin","duration":0.2183740000000114,"failureMessages":[],"meta":{}},{"ancestorTitles":["Game Logic"],"fullName":"Game Logic 17. should correctly update score for multiple coins","status":"passed","title":"17. should correctly update score for multiple coins","duration":0.15712299999998436,"failureMessages":[],"meta":{}},{"ancestorTitles":["Game Logic"],"fullName":"Game Logic 18. should handle zero coins collection without changing score","status":"passed","title":"18. should handle zero coins collection without changing score","duration":0.20523400000001857,"failureMessages":[],"meta":{}},{"ancestorTitles":["Game Logic"],"fullName":"Game Logic 19. should distinguish between different coins","status":"passed","title":"19. should distinguish between different coins","duration":0.6362380000000201,"failureMessages":[],"meta":{}},{"ancestorTitles":["Game Logic"],"fullName":"Game Logic 20. should allow collecting multiple coins in one check if overlapping","status":"passed","title":"20. should allow collecting multiple coins in one check if overlapping","duration":0.49115799999998444,"failureMessages":[],"meta":{}}],"startTime":1778717449536,"endTime":1778717449541.6362,"status":"passed","message":"","name":"/home/grinnazar_linux/University/AITSI/Project/tests/unit-gameplay-mechanics_NH.test.ts"},{"assertionResults":[{"ancestorTitles":["Unit Tests: Dimensions & Math (VM)"],"fullName":"Unit Tests: Dimensions & Math (VM) 1. should calculate distance correctly for positive coordinates","status":"passed","title":"1. should calculate distance correctly for positive coordinates","duration":0.8047229999999956,"failureMessages":[],"meta":{}},{"ancestorTitles":["Unit Tests: Dimensions & Math (VM)"],"fullName":"Unit Tests: Dimensions & Math (VM) 2. should calculate distance as 0 for same point","status":"passed","title":"2. should calculate distance as 0 for same point","duration":0.12291999999999348,"failureMessages":[],"meta":{}},{"ancestorTitles":["Unit Tests: Dimensions & Math (VM)"],"fullName":"Unit Tests: Dimensions & Math (VM) 3. should handle negative coordinates in distance calculation","status":"passed","title":"3. should handle negative coordinates in distance calculation","duration":0.0736750000000086,"failureMessages":[],"meta":{}},{"ancestorTitles":["Unit Tests: Dimensions & Math (VM)"],"fullName":"Unit Tests: Dimensions & Math (VM) 4. should detect collision between overlapping rectangles","status":"passed","title":"4. should detect collision between overlapping rectangles","duration":0.17483500000000163,"failureMessages":[],"meta":{}},{"ancestorTitles":["Unit Tests: Dimensions & Math (VM)"],"fullName":"Unit Tests: Dimensions & Math (VM) 5. should not detect collision for separated rectangles","status":"passed","title":"5. should not detect collision for separated rectangles","duration":0.1349999999999909,"failureMessages":[],"meta":{}},{"ancestorTitles":["Unit Tests: Dimensions & Math (VM)"],"fullName":"Unit Tests: Dimensions & Math (VM) 6. should detect overlap on edges","status":"passed","title":"6. should detect overlap on edges","duration":0.07921799999999735,"failureMessages":[],"meta":{}},{"ancestorTitles":["Unit Tests: Dimensions & Math (VM)"],"fullName":"Unit Tests: Dimensions & Math (VM) 7. should not overlap if touching only (x+w = x2)","status":"passed","title":"7. should not overlap if touching only (x+w = x2)","duration":0.055123000000008915,"failureMessages":[],"meta":{}},{"ancestorTitles":["Unit Tests: Dimensions & Math (VM)"],"fullName":"Unit Tests: Dimensions & Math (VM) 8. should calculate large distances without overflow","status":"passed","title":"8. should calculate large distances without overflow","duration":0.05409499999998957,"failureMessages":[],"meta":{}},{"ancestorTitles":["Unit Tests: Dimensions & Math (VM)"],"fullName":"Unit Tests: Dimensions & Math (VM) 9. should handle small floating point distances","status":"passed","title":"9. should handle small floating point distances","duration":0.19238099999998326,"failureMessages":[],"meta":{}},{"ancestorTitles":["Unit Tests: Dimensions & Math (VM)"],"fullName":"Unit Tests: Dimensions & Math (VM) 10. should handle horizontal-only distance","status":"passed","title":"10. should handle horizontal-only distance","duration":0.1875389999999868,"failureMessages":[],"meta":{}}],"startTime":1778717449532,"endTime":1778717449534.1875,"status":"passed","message":"","name":"/home/grinnazar_linux/University/AITSI/Project/tests/unit-hazards_VM.test.ts"},{"assertionResults":[{"ancestorTitles":["Unit Tests: Particles & Internal Helpers (VM)"],"fullName":"Unit Tests: Particles & Internal Helpers (VM) 1. should decrement particle lifetime by 0.02 (loop.ts:106)","status":"passed","title":"1. should decrement particle lifetime by 0.02 (loop.ts:106)","duration":1.3253720000000158,"failureMessages":[],"meta":{}},{"ancestorTitles":["Unit Tests: Particles & Internal Helpers (VM)"],"fullName":"Unit Tests: Particles & Internal Helpers (VM) 2. should filter out dead particles (loop.ts:107)","status":"passed","title":"2. should filter out dead particles (loop.ts:107)","duration":1.0748820000000023,"failureMessages":[],"meta":{}},{"ancestorTitles":["Unit Tests: Particles & Internal Helpers (VM)"],"fullName":"Unit Tests: Particles & Internal Helpers (VM) 3. should randomize particle speed (-2 to +2 range via loop.ts:42/43)","status":"passed","title":"3. should randomize particle speed (-2 to +2 range via loop.ts:42/43)","duration":0.39473100000000727,"failureMessages":[],"meta":{}},{"ancestorTitles":["Unit Tests: Particles & Internal Helpers (VM)"],"fullName":"Unit Tests: Particles & Internal Helpers (VM) 4. should apply friction 0.8 to horizontal velocity (loop.ts:63)","status":"passed","title":"4. should apply friction 0.8 to horizontal velocity (loop.ts:63)","duration":0.15472299999998995,"failureMessages":[],"meta":{}},{"ancestorTitles":["Unit Tests: Particles & Internal Helpers (VM)"],"fullName":"Unit Tests: Particles & Internal Helpers (VM) 5. should set vx to MOVE_SPEED on ArrowRight (loop.ts:60)","status":"passed","title":"5. should set vx to MOVE_SPEED on ArrowRight (loop.ts:60)","duration":0.19336799999999243,"failureMessages":[],"meta":{}},{"ancestorTitles":["Unit Tests: Particles & Internal Helpers (VM)"],"fullName":"Unit Tests: Particles & Internal Helpers (VM) 6. Math.floor should round score for display (same as hud.spec.ts check)","status":"passed","title":"6. Math.floor should round score for display (same as hud.spec.ts check)","duration":0.09754300000000171,"failureMessages":[],"meta":{}},{"ancestorTitles":["Unit Tests: Particles & Internal Helpers (VM)"],"fullName":"Unit Tests: Particles & Internal Helpers (VM) 7. should format total score string correctly","status":"passed","title":"7. should format total score string correctly","duration":0.06708399999999415,"failureMessages":[],"meta":{}},{"ancestorTitles":["Unit Tests: Particles & Internal Helpers (VM)"],"fullName":"Unit Tests: Particles & Internal Helpers (VM) 8. should calculate collected percentage (Helper logic)","status":"passed","title":"8. should calculate collected percentage (Helper logic)","duration":0.06681899999998109,"failureMessages":[],"meta":{}},{"ancestorTitles":["Unit Tests: Particles & Internal Helpers (VM)"],"fullName":"Unit Tests: Particles & Internal Helpers (VM) 9. should handle score overflow prevention (logical check)","status":"passed","title":"9. should handle score overflow prevention (logical check)","duration":0.20520700000000147,"failureMessages":[],"meta":{}},{"ancestorTitles":["Unit Tests: Particles & Internal Helpers (VM)"],"fullName":"Unit Tests: Particles & Internal Helpers (VM) 10. should handle negative score clamping (Helper logic)","status":"passed","title":"10. should handle negative score clamping (Helper logic)","duration":0.20628300000001332,"failureMessages":[],"meta":{}}],"startTime":1778717449533,"endTime":1778717449537.2063,"status":"passed","message":"","name":"/home/grinnazar_linux/University/AITSI/Project/tests/unit-particles-helpers_VM.test.ts"},{"assertionResults":[{"ancestorTitles":["Physics Engine"],"fullName":"Physics Engine 1. should apply gravity correctly","status":"passed","title":"1. should apply gravity correctly","duration":1.6042759999999987,"failureMessages":[],"meta":{}},{"ancestorTitles":["Physics Engine"],"fullName":"Physics Engine 2. should update position based on velocity","status":"passed","title":"2. should update position based on velocity","duration":0.33445299999999634,"failureMessages":[],"meta":{}},{"ancestorTitles":["Physics Engine"],"fullName":"Physics Engine 3. should detect if player is on top of a platform","status":"passed","title":"3. should detect if player is on top of a platform","duration":0.45908600000001343,"failureMessages":[],"meta":{}},{"ancestorTitles":["Physics Engine"],"fullName":"Physics Engine 4. should detect collision from the side","status":"passed","title":"4. should detect collision from the side","duration":0.19598099999998908,"failureMessages":[],"meta":{}},{"ancestorTitles":["Physics Engine"],"fullName":"Physics Engine 5. should constrain player within left boundary","status":"passed","title":"5. should constrain player within left boundary","duration":0.4630909999999915,"failureMessages":[],"meta":{}},{"ancestorTitles":["Physics Engine"],"fullName":"Physics Engine 6. should constrain player within right boundary","status":"passed","title":"6. should constrain player within right boundary","duration":0.32000999999999635,"failureMessages":[],"meta":{}},{"ancestorTitles":["Physics Engine"],"fullName":"Physics Engine 7. should trigger game over if player falls below bottom","status":"passed","title":"7. should trigger game over if player falls below bottom","duration":0.177897999999999,"failureMessages":[],"meta":{}},{"ancestorTitles":["Physics Engine"],"fullName":"Physics Engine 8. should correctly detect collision overlap","status":"passed","title":"8. should correctly detect collision overlap","duration":0.2781980000000033,"failureMessages":[],"meta":{}},{"ancestorTitles":["Physics Engine"],"fullName":"Physics Engine 9. should correctly detect collision overlap","status":"passed","title":"9. should correctly detect collision overlap","duration":0.2555399999999963,"failureMessages":[],"meta":{}},{"ancestorTitles":["Physics Engine"],"fullName":"Physics Engine 10. should handle multiple platforms simultaneously","status":"passed","title":"10. should handle multiple platforms simultaneously","duration":0.2255840000000262,"failureMessages":[],"meta":{}}],"startTime":1778717449533,"endTime":1778717449537.278,"status":"passed","message":"","name":"/home/grinnazar_linux/University/AITSI/Project/tests/unit-physics-core_NH.test.ts"},{"assertionResults":[{"ancestorTitles":["Unit Tests: Backend Logic & State Transitions (VM)"],"fullName":"Unit Tests: Backend Logic & State Transitions (VM) 1. should invalidate empty save data object","status":"passed","title":"1. should invalidate empty save data object","duration":1.1698030000000017,"failureMessages":[],"meta":{}},{"ancestorTitles":["Unit Tests: Backend Logic & State Transitions (VM)"],"fullName":"Unit Tests: Backend Logic & State Transitions (VM) 2. should check for missing required keys in JSON via validator","status":"passed","title":"2. should check for missing required keys in JSON via validator","duration":0.18177299999999263,"failureMessages":[],"meta":{}},{"ancestorTitles":["Unit Tests: Backend Logic & State Transitions (VM)"],"fullName":"Unit Tests: Backend Logic & State Transitions (VM) 3. should invalidate data if coinsCollected is missing","status":"passed","title":"3. should invalidate data if coinsCollected is missing","duration":0.1409659999999917,"failureMessages":[],"meta":{}},{"ancestorTitles":["Unit Tests: Backend Logic & State Transitions (VM)"],"fullName":"Unit Tests: Backend Logic & State Transitions (VM) 4. should validate data against real LEVELS count","status":"passed","title":"4. should validate data against real LEVELS count","duration":0.2899050000000045,"failureMessages":[],"meta":{}},{"ancestorTitles":["Unit Tests: Backend Logic & State Transitions (VM)"],"fullName":"Unit Tests: Backend Logic & State Transitions (VM) 5. should handle max score validation (logical boundary)","status":"passed","title":"5. should handle max score validation (logical boundary)","duration":0.30912900000001287,"failureMessages":[],"meta":{}},{"ancestorTitles":["Unit Tests: Backend Logic & State Transitions (VM)"],"fullName":"Unit Tests: Backend Logic & State Transitions (VM) 6. should transition state logically (playing -> win)","status":"passed","title":"6. should transition state logically (playing -> win)","duration":0.17102799999997842,"failureMessages":[],"meta":{}},{"ancestorTitles":["Unit Tests: Backend Logic & State Transitions (VM)"],"fullName":"Unit Tests: Backend Logic & State Transitions (VM) 7. should transition state logically (playing -> game-over)","status":"passed","title":"7. should transition state logically (playing -> game-over)","duration":0.1468409999999949,"failureMessages":[],"meta":{}},{"ancestorTitles":["Unit Tests: Backend Logic & State Transitions (VM)"],"fullName":"Unit Tests: Backend Logic & State Transitions (VM) 8. should transition state logically (paused -> playing)","status":"passed","title":"8. should transition state logically (paused -> playing)","duration":0.15630500000000325,"failureMessages":[],"meta":{}},{"ancestorTitles":["Unit Tests: Backend Logic & State Transitions (VM)"],"fullName":"Unit Tests: Backend Logic & State Transitions (VM) 9. should transition state logically (start -> playing)","status":"passed","title":"9. should transition state logically (start -> playing)","duration":0.27825200000000905,"failureMessages":[],"meta":{}},{"ancestorTitles":["Unit Tests: Backend Logic & State Transitions (VM)"],"fullName":"Unit Tests: Backend Logic & State Transitions (VM) 10. should validate level index range based on LEVELS constants","status":"passed","title":"10. should validate level index range based on LEVELS constants","duration":1.0024250000000166,"failureMessages":[],"meta":{}}],"startTime":1778717449534,"endTime":1778717449538.0024,"status":"passed","message":"","name":"/home/grinnazar_linux/University/AITSI/Project/tests/unit-state_VM.test.ts"}]}