{"numTotalTestSuites":18,"numPassedTestSuites":18,"numFailedTestSuites":0,"numPendingTestSuites":0,"numTotalTests":90,"numPassedTests":90,"numFailedTests":0,"numPendingTests":0,"numTodoTests":0,"snapshot":{"added":0,"failure":false,"filesAdded":0,"filesRemoved":0,"filesRemovedList":[],"filesUnmatched":0,"filesUpdated":0,"matched":0,"total":0,"unchecked":0,"uncheckedKeysByFile":[],"unmatched":0,"updated":0,"didUpdate":false},"startTime":1778720245588,"success":true,"testResults":[{"assertionResults":[{"ancestorTitles":["Unit Tests: Realistic Backend & Data"],"fullName":"Unit Tests: Realistic Backend & Data 21. Coin Set should be converted to Array before JSON.stringify (Array.from check)","status":"passed","title":"21. Coin Set should be converted to Array before JSON.stringify (Array.from check)","duration":0.8882179999999948,"failureMessages":[],"location":{"line":7,"column":5},"meta":{}},{"ancestorTitles":["Unit Tests: Realistic Backend & Data"],"fullName":"Unit Tests: Realistic Backend & Data 22. Save object should contain required keys (score, levelIndex, coinsCollected)","status":"passed","title":"22. Save object should contain required keys (score, levelIndex, coinsCollected)","duration":0.15202399999998306,"failureMessages":[],"location":{"line":14,"column":5},"meta":{}},{"ancestorTitles":["Unit Tests: Realistic Backend & Data"],"fullName":"Unit Tests: Realistic Backend & Data 23. Bearer Token should be correctly used in headers","status":"passed","title":"23. Bearer Token should be correctly used in headers","duration":0.1349199999999655,"failureMessages":[],"location":{"line":19,"column":5},"meta":{}},{"ancestorTitles":["Unit Tests: Realistic Backend & Data"],"fullName":"Unit Tests: Realistic Backend & Data 24. SAVE_KEY should be constant and correct","status":"passed","title":"24. SAVE_KEY should be constant and correct","duration":0.121024000000034,"failureMessages":[],"location":{"line":25,"column":5},"meta":{}},{"ancestorTitles":["Unit Tests: Realistic Backend & Data"],"fullName":"Unit Tests: Realistic Backend & Data 25. Fetch configuration for saving (POST)","status":"passed","title":"25. Fetch configuration for saving (POST)","duration":0.15249699999998256,"failureMessages":[],"location":{"line":29,"column":5},"meta":{}},{"ancestorTitles":["Unit Tests: Realistic Backend & Data"],"fullName":"Unit Tests: Realistic Backend & Data 26. validateSaveData should reject negative score","status":"passed","title":"26. validateSaveData should reject negative score","duration":0.08123599999998987,"failureMessages":[],"location":{"line":35,"column":5},"meta":{}},{"ancestorTitles":["Unit Tests: Realistic Backend & Data"],"fullName":"Unit Tests: Realistic Backend & Data 27. validateSaveData should reject non-existent level indices","status":"passed","title":"27. validateSaveData should reject non-existent level indices","duration":0.06706300000001875,"failureMessages":[],"location":{"line":40,"column":5},"meta":{}},{"ancestorTitles":["Unit Tests: Realistic Backend & Data"],"fullName":"Unit Tests: Realistic Backend & Data 28. coinsCollected after loading should be a Set (new Set)","status":"passed","title":"28. coinsCollected after loading should be a Set (new Set)","duration":0.0974849999999492,"failureMessages":[],"location":{"line":45,"column":5},"meta":{}},{"ancestorTitles":["Unit Tests: Realistic Backend & Data"],"fullName":"Unit Tests: Realistic Backend & Data 29. Auth mock should return 401 for an empty token","status":"passed","title":"29. Auth mock should return 401 for an empty token","duration":0.14025399999997035,"failureMessages":[],"location":{"line":52,"column":5},"meta":{}},{"ancestorTitles":["Unit Tests: Realistic Backend & Data"],"fullName":"Unit Tests: Realistic Backend & Data 30. Particle lifetime should decrease (Logic simulation)","status":"passed","title":"30. Particle lifetime should decrease (Logic simulation)","duration":0.1729090000000042,"failureMessages":[],"location":{"line":57,"column":5},"meta":{}}],"startTime":1778720245910,"endTime":1778720245912.1729,"status":"passed","message":"","name":"/home/grinnazar_linux/University/AITSI/Project/tests/unit/core/data.spec.ts"},{"assertionResults":[{"ancestorTitles":["Unit Tests: Realistic Game Logic"],"fullName":"Unit Tests: Realistic Game Logic 11. Coin collection distance should use Pythagorean theorem (25px threshold)","status":"passed","title":"11. Coin collection distance should use Pythagorean theorem (25px threshold)","duration":1.29436800000002,"failureMessages":[],"location":{"line":10,"column":5},"meta":{}},{"ancestorTitles":["Unit Tests: Realistic Game Logic"],"fullName":"Unit Tests: Realistic Game Logic 12. Coin should NOT be collected at distance > 25","status":"passed","title":"12. Coin should NOT be collected at distance > 25","duration":0.5388730000000237,"failureMessages":[],"location":{"line":17,"column":5},"meta":{}},{"ancestorTitles":["Unit Tests: Realistic Game Logic"],"fullName":"Unit Tests: Realistic Game Logic 13. Collecting a coin should add +10 to the score","status":"passed","title":"13. Collecting a coin should add +10 to the score","duration":0.20775099999997337,"failureMessages":[],"location":{"line":24,"column":5},"meta":{}},{"ancestorTitles":["Unit Tests: Realistic Game Logic"],"fullName":"Unit Tests: Realistic Game Logic 14. Set should NOT allow collecting the same coin twice","status":"passed","title":"14. Set should NOT allow collecting the same coin twice","duration":0.17537500000003092,"failureMessages":[],"location":{"line":30,"column":5},"meta":{}},{"ancestorTitles":["Unit Tests: Realistic Game Logic"],"fullName":"Unit Tests: Realistic Game Logic 15. Level exit should be determined by AABB collision with the door","status":"passed","title":"15. Level exit should be determined by AABB collision with the door","duration":0.18890299999998206,"failureMessages":[],"location":{"line":38,"column":5},"meta":{}},{"ancestorTitles":["Unit Tests: Realistic Game Logic"],"fullName":"Unit Tests: Realistic Game Logic 16. State change to game-over (Logical check)","status":"passed","title":"16. State change to game-over (Logical check)","duration":0.10734500000000935,"failureMessages":[],"location":{"line":45,"column":5},"meta":{}},{"ancestorTitles":["Unit Tests: Realistic Game Logic"],"fullName":"Unit Tests: Realistic Game Logic 17. Level transition should correctly sum the result","status":"passed","title":"17. Level transition should correctly sum the result","duration":0.06873899999999367,"failureMessages":[],"location":{"line":51,"column":5},"meta":{}},{"ancestorTitles":["Unit Tests: Realistic Game Logic"],"fullName":"Unit Tests: Realistic Game Logic 18. LevelIndex should not exceed the limit (App logic check)","status":"passed","title":"18. LevelIndex should not exceed the limit (App logic check)","duration":0.10796099999998887,"failureMessages":[],"location":{"line":56,"column":5},"meta":{}},{"ancestorTitles":["Unit Tests: Realistic Game Logic"],"fullName":"Unit Tests: Realistic Game Logic 19. Restart should reset score through current helpers","status":"passed","title":"19. Restart should reset score through current helpers","duration":0.8419799999999782,"failureMessages":[],"location":{"line":62,"column":5},"meta":{}},{"ancestorTitles":["Unit Tests: Realistic Game Logic"],"fullName":"Unit Tests: Realistic Game Logic 20. Facing direction should update logically based on vx","status":"passed","title":"20. Facing direction should update logically based on vx","duration":0.19983299999995552,"failureMessages":[],"location":{"line":67,"column":5},"meta":{}}],"startTime":1778720245883,"endTime":1778720245887.2,"status":"passed","message":"","name":"/home/grinnazar_linux/University/AITSI/Project/tests/unit/core/game-logic.spec.ts"},{"assertionResults":[{"ancestorTitles":["Unit Tests: Realistic Physics"],"fullName":"Unit Tests: Realistic Physics 1. Gravity should increment vertical velocity (using config.GRAVITY)","status":"passed","title":"1. Gravity should increment vertical velocity (using config.GRAVITY)","duration":2.7778150000000323,"failureMessages":[],"location":{"line":11,"column":5},"meta":{}},{"ancestorTitles":["Unit Tests: Realistic Physics"],"fullName":"Unit Tests: Realistic Physics 2. Jump should set negative vertical velocity (Simulated)","status":"passed","title":"2. Jump should set negative vertical velocity (Simulated)","duration":0.25841000000002623,"failureMessages":[],"location":{"line":17,"column":5},"meta":{}},{"ancestorTitles":["Unit Tests: Realistic Physics"],"fullName":"Unit Tests: Realistic Physics 3. Player should fall faster with each frame","status":"passed","title":"3. Player should fall faster with each frame","duration":0.2982380000000262,"failureMessages":[],"location":{"line":23,"column":5},"meta":{}},{"ancestorTitles":["Unit Tests: Realistic Physics"],"fullName":"Unit Tests: Realistic Physics 4. Vertical velocity should be 0 after landing on a platform","status":"passed","title":"4. Vertical velocity should be 0 after landing on a platform","duration":0.5306000000000495,"failureMessages":[],"location":{"line":32,"column":5},"meta":{}},{"ancestorTitles":["Unit Tests: Realistic Physics"],"fullName":"Unit Tests: Realistic Physics 5. updatePosition should correctly move the player based on velocity","status":"passed","title":"5. updatePosition should correctly move the player based on velocity","duration":0.4198939999999993,"failureMessages":[],"location":{"line":42,"column":5},"meta":{}},{"ancestorTitles":["Unit Tests: Realistic Physics"],"fullName":"Unit Tests: Realistic Physics 6. constrainToBoundaries should stop player at the left edge","status":"passed","title":"6. constrainToBoundaries should stop player at the left edge","duration":0.32912600000003067,"failureMessages":[],"location":{"line":51,"column":5},"meta":{}},{"ancestorTitles":["Unit Tests: Realistic Physics"],"fullName":"Unit Tests: Realistic Physics 7. Player position should be corrected after landing (on top of platform)","status":"passed","title":"7. Player position should be corrected after landing (on top of platform)","duration":0.21458499999999958,"failureMessages":[],"location":{"line":59,"column":5},"meta":{}},{"ancestorTitles":["Unit Tests: Realistic Physics"],"fullName":"Unit Tests: Realistic Physics 8. Grounded should be true after colliding with a platform from top","status":"passed","title":"8. Grounded should be true after colliding with a platform from top","duration":0.31005500000003394,"failureMessages":[],"location":{"line":68,"column":5},"meta":{}},{"ancestorTitles":["Unit Tests: Realistic Physics"],"fullName":"Unit Tests: Realistic Physics 9. Side collision should stop horizontal movement","status":"passed","title":"9. Side collision should stop horizontal movement","duration":0.3265299999999911,"failureMessages":[],"location":{"line":77,"column":5},"meta":{}},{"ancestorTitles":["Unit Tests: Realistic Physics"],"fullName":"Unit Tests: Realistic Physics 10. Player should not exit beyond the right boundary","status":"passed","title":"10. Player should not exit beyond the right boundary","duration":0.3144100000000094,"failureMessages":[],"location":{"line":87,"column":5},"meta":{}}],"startTime":1778720245889,"endTime":1778720245894.3264,"status":"passed","message":"","name":"/home/grinnazar_linux/University/AITSI/Project/tests/unit/core/physics.spec.ts"},{"assertionResults":[{"ancestorTitles":["Physics Engine"],"fullName":"Physics Engine 1. should apply gravity correctly","status":"passed","title":"1. should apply gravity correctly","duration":1.3893130000000156,"failureMessages":[],"location":{"line":23,"column":5},"meta":{}},{"ancestorTitles":["Physics Engine"],"fullName":"Physics Engine 2. should update position based on velocity","status":"passed","title":"2. should update position based on velocity","duration":0.3717879999999809,"failureMessages":[],"location":{"line":29,"column":5},"meta":{}},{"ancestorTitles":["Physics Engine"],"fullName":"Physics Engine 3. should detect if player is on top of a platform","status":"passed","title":"3. should detect if player is on top of a platform","duration":0.49970500000000584,"failureMessages":[],"location":{"line":37,"column":5},"meta":{}},{"ancestorTitles":["Physics Engine"],"fullName":"Physics Engine 4. should detect collision from the side","status":"passed","title":"4. should detect collision from the side","duration":1.0312749999999937,"failureMessages":[],"location":{"line":47,"column":5},"meta":{}},{"ancestorTitles":["Physics Engine"],"fullName":"Physics Engine 5. should constrain player within left boundary","status":"passed","title":"5. should constrain player within left boundary","duration":0.4540269999999964,"failureMessages":[],"location":{"line":56,"column":5},"meta":{}},{"ancestorTitles":["Physics Engine"],"fullName":"Physics Engine 6. should constrain player within right boundary","status":"passed","title":"6. should constrain player within right boundary","duration":0.2756660000000011,"failureMessages":[],"location":{"line":63,"column":5},"meta":{}},{"ancestorTitles":["Physics Engine"],"fullName":"Physics Engine 7. should trigger game over if player falls below bottom","status":"passed","title":"7. should trigger game over if player falls below bottom","duration":0.16885200000001532,"failureMessages":[],"location":{"line":70,"column":5},"meta":{}},{"ancestorTitles":["Physics Engine"],"fullName":"Physics Engine 8. should correctly detect collision overlap","status":"passed","title":"8. should correctly detect collision overlap","duration":0.19887200000005123,"failureMessages":[],"location":{"line":76,"column":5},"meta":{}},{"ancestorTitles":["Physics Engine"],"fullName":"Physics Engine 9. should correctly detect collision overlap","status":"passed","title":"9. should correctly detect collision overlap","duration":0.19248499999997648,"failureMessages":[],"location":{"line":82,"column":5},"meta":{}},{"ancestorTitles":["Physics Engine"],"fullName":"Physics Engine 10. should handle multiple platforms simultaneously","status":"passed","title":"10. should handle multiple platforms simultaneously","duration":0.187199000000021,"failureMessages":[],"location":{"line":88,"column":5},"meta":{}}],"startTime":1778720245884,"endTime":1778720245888.199,"status":"passed","message":"","name":"/home/grinnazar_linux/University/AITSI/Project/tests/unit/core/unit-physics-core_NH.test.ts"},{"assertionResults":[{"ancestorTitles":["Game Logic"],"fullName":"Game Logic 11. should collect a coin when close enough","status":"passed","title":"11. should collect a coin when close enough","duration":1.5155730000000176,"failureMessages":[],"location":{"line":22,"column":5},"meta":{}},{"ancestorTitles":["Game Logic"],"fullName":"Game Logic 12. should NOT collect a coin when far away","status":"passed","title":"12. should NOT collect a coin when far away","duration":0.6322120000000382,"failureMessages":[],"location":{"line":29,"column":5},"meta":{}},{"ancestorTitles":["Game Logic"],"fullName":"Game Logic 13. should NOT collect a coin that is already collected","status":"passed","title":"13. should NOT collect a coin that is already collected","duration":0.21652599999998756,"failureMessages":[],"location":{"line":36,"column":5},"meta":{}},{"ancestorTitles":["Game Logic"],"fullName":"Game Logic 14. should detect collision with the exit door","status":"passed","title":"14. should detect collision with the exit door","duration":0.26961399999999003,"failureMessages":[],"location":{"line":43,"column":5},"meta":{}},{"ancestorTitles":["Game Logic"],"fullName":"Game Logic 15. should NOT detect collision with a far away exit door","status":"passed","title":"15. should NOT detect collision with a far away exit door","duration":0.2629349999999704,"failureMessages":[],"location":{"line":49,"column":5},"meta":{}},{"ancestorTitles":["Game Logic"],"fullName":"Game Logic 16. should correctly update score by +10 for one coin","status":"passed","title":"16. should correctly update score by +10 for one coin","duration":0.128311999999994,"failureMessages":[],"location":{"line":55,"column":5},"meta":{}},{"ancestorTitles":["Game Logic"],"fullName":"Game Logic 17. should correctly update score for multiple coins","status":"passed","title":"17. should correctly update score for multiple coins","duration":0.11698200000000725,"failureMessages":[],"location":{"line":60,"column":5},"meta":{}},{"ancestorTitles":["Game Logic"],"fullName":"Game Logic 18. should handle zero coins collection without changing score","status":"passed","title":"18. should handle zero coins collection without changing score","duration":0.11919999999997799,"failureMessages":[],"location":{"line":65,"column":5},"meta":{}},{"ancestorTitles":["Game Logic"],"fullName":"Game Logic 19. should distinguish between different coins","status":"passed","title":"19. should distinguish between different coins","duration":0.3614430000000084,"failureMessages":[],"location":{"line":70,"column":5},"meta":{}},{"ancestorTitles":["Game Logic"],"fullName":"Game Logic 20. should allow collecting multiple coins in one check if overlapping","status":"passed","title":"20. should allow collecting multiple coins in one check if overlapping","duration":0.20088600000002543,"failureMessages":[],"location":{"line":81,"column":5},"meta":{}}],"startTime":1778720245891,"endTime":1778720245895.3613,"status":"passed","message":"","name":"/home/grinnazar_linux/University/AITSI/Project/tests/unit/mechanics/unit-gameplay-mechanics_NH.test.ts"},{"assertionResults":[{"ancestorTitles":["Unit Tests: Dimensions & Math (VM)"],"fullName":"Unit Tests: Dimensions & Math (VM) 1. should calculate distance correctly for positive coordinates","status":"passed","title":"1. should calculate distance correctly for positive coordinates","duration":1.4832560000000399,"failureMessages":[],"location":{"line":6,"column":5},"meta":{}},{"ancestorTitles":["Unit Tests: Dimensions & Math (VM)"],"fullName":"Unit Tests: Dimensions & Math (VM) 2. should calculate distance as 0 for same point","status":"passed","title":"2. should calculate distance as 0 for same point","duration":0.3240440000000149,"failureMessages":[],"location":{"line":10,"column":5},"meta":{}},{"ancestorTitles":["Unit Tests: Dimensions & Math (VM)"],"fullName":"Unit Tests: Dimensions & Math (VM) 3. should handle negative coordinates in distance calculation","status":"passed","title":"3. should handle negative coordinates in distance calculation","duration":0.24413599999996904,"failureMessages":[],"location":{"line":14,"column":5},"meta":{}},{"ancestorTitles":["Unit Tests: Dimensions & Math (VM)"],"fullName":"Unit Tests: Dimensions & Math (VM) 4. should detect collision between overlapping rectangles","status":"passed","title":"4. should detect collision between overlapping rectangles","duration":0.40434599999997545,"failureMessages":[],"location":{"line":18,"column":5},"meta":{}},{"ancestorTitles":["Unit Tests: Dimensions & Math (VM)"],"fullName":"Unit Tests: Dimensions & Math (VM) 5. should not detect collision for separated rectangles","status":"passed","title":"5. should not detect collision for separated rectangles","duration":0.33504299999998466,"failureMessages":[],"location":{"line":24,"column":5},"meta":{}},{"ancestorTitles":["Unit Tests: Dimensions & Math (VM)"],"fullName":"Unit Tests: Dimensions & Math (VM) 6. should detect overlap on edges","status":"passed","title":"6. should detect overlap on edges","duration":0.20653900000002068,"failureMessages":[],"location":{"line":31,"column":5},"meta":{}},{"ancestorTitles":["Unit Tests: Dimensions & Math (VM)"],"fullName":"Unit Tests: Dimensions & Math (VM) 7. should not overlap if touching only (x+w = x2)","status":"passed","title":"7. should not overlap if touching only (x+w = x2)","duration":0.18909700000000385,"failureMessages":[],"location":{"line":37,"column":5},"meta":{}},{"ancestorTitles":["Unit Tests: Dimensions & Math (VM)"],"fullName":"Unit Tests: Dimensions & Math (VM) 8. should calculate large distances without overflow","status":"passed","title":"8. should calculate large distances without overflow","duration":0.18720900000005258,"failureMessages":[],"location":{"line":43,"column":5},"meta":{}},{"ancestorTitles":["Unit Tests: Dimensions & Math (VM)"],"fullName":"Unit Tests: Dimensions & Math (VM) 9. should handle small floating point distances","status":"passed","title":"9. should handle small floating point distances","duration":0.43763400000000274,"failureMessages":[],"location":{"line":47,"column":5},"meta":{}},{"ancestorTitles":["Unit Tests: Dimensions & Math (VM)"],"fullName":"Unit Tests: Dimensions & Math (VM) 10. should handle horizontal-only distance","status":"passed","title":"10. should handle horizontal-only distance","duration":0.31561800000002904,"failureMessages":[],"location":{"line":52,"column":5},"meta":{}}],"startTime":1778720245884,"endTime":1778720245892.3157,"status":"passed","message":"","name":"/home/grinnazar_linux/University/AITSI/Project/tests/unit/mechanics/unit-hazards_VM.test.ts"},{"assertionResults":[{"ancestorTitles":["Unit Tests: Particles & Internal Helpers (VM)"],"fullName":"Unit Tests: Particles & Internal Helpers (VM) 1. should decrement particle lifetime by 0.02 (loop.ts:106)","status":"passed","title":"1. should decrement particle lifetime by 0.02 (loop.ts:106)","duration":1.1956720000000018,"failureMessages":[],"location":{"line":6,"column":5},"meta":{}},{"ancestorTitles":["Unit Tests: Particles & Internal Helpers (VM)"],"fullName":"Unit Tests: Particles & Internal Helpers (VM) 2. should filter out dead particles (loop.ts:107)","status":"passed","title":"2. should filter out dead particles (loop.ts:107)","duration":1.3615760000000137,"failureMessages":[],"location":{"line":13,"column":5},"meta":{}},{"ancestorTitles":["Unit Tests: Particles & Internal Helpers (VM)"],"fullName":"Unit Tests: Particles & Internal Helpers (VM) 3. should randomize particle speed (-2 to +2 range via loop.ts:42/43)","status":"passed","title":"3. should randomize particle speed (-2 to +2 range via loop.ts:42/43)","duration":0.6007490000000075,"failureMessages":[],"location":{"line":19,"column":5},"meta":{}},{"ancestorTitles":["Unit Tests: Particles & Internal Helpers (VM)"],"fullName":"Unit Tests: Particles & Internal Helpers (VM) 4. should apply friction 0.8 to horizontal velocity (loop.ts:63)","status":"passed","title":"4. should apply friction 0.8 to horizontal velocity (loop.ts:63)","duration":0.18854300000003832,"failureMessages":[],"location":{"line":27,"column":5},"meta":{}},{"ancestorTitles":["Unit Tests: Particles & Internal Helpers (VM)"],"fullName":"Unit Tests: Particles & Internal Helpers (VM) 5. should set vx to MOVE_SPEED on ArrowRight (loop.ts:60)","status":"passed","title":"5. should set vx to MOVE_SPEED on ArrowRight (loop.ts:60)","duration":0.2385150000000067,"failureMessages":[],"location":{"line":34,"column":5},"meta":{}},{"ancestorTitles":["Unit Tests: Particles & Internal Helpers (VM)"],"fullName":"Unit Tests: Particles & Internal Helpers (VM) 6. Math.floor should round score for display (same as hud.spec.ts check)","status":"passed","title":"6. Math.floor should round score for display (same as hud.spec.ts check)","duration":0.27661299999999756,"failureMessages":[],"location":{"line":42,"column":5},"meta":{}},{"ancestorTitles":["Unit Tests: Particles & Internal Helpers (VM)"],"fullName":"Unit Tests: Particles & Internal Helpers (VM) 7. should format total score string correctly","status":"passed","title":"7. should format total score string correctly","duration":0.19987199999997074,"failureMessages":[],"location":{"line":46,"column":5},"meta":{}},{"ancestorTitles":["Unit Tests: Particles & Internal Helpers (VM)"],"fullName":"Unit Tests: Particles & Internal Helpers (VM) 8. should calculate collected percentage (Helper logic)","status":"passed","title":"8. should calculate collected percentage (Helper logic)","duration":0.20136399999995547,"failureMessages":[],"location":{"line":51,"column":5},"meta":{}},{"ancestorTitles":["Unit Tests: Particles & Internal Helpers (VM)"],"fullName":"Unit Tests: Particles & Internal Helpers (VM) 9. should handle score overflow prevention (logical check)","status":"passed","title":"9. should handle score overflow prevention (logical check)","duration":0.31880599999999504,"failureMessages":[],"location":{"line":58,"column":5},"meta":{}},{"ancestorTitles":["Unit Tests: Particles & Internal Helpers (VM)"],"fullName":"Unit Tests: Particles & Internal Helpers (VM) 10. should handle negative score clamping (Helper logic)","status":"passed","title":"10. should handle negative score clamping (Helper logic)","duration":0.27753799999999273,"failureMessages":[],"location":{"line":64,"column":5},"meta":{}}],"startTime":1778720245879,"endTime":1778720245884.3188,"status":"passed","message":"","name":"/home/grinnazar_linux/University/AITSI/Project/tests/unit/mechanics/unit-particles-helpers_VM.test.ts"},{"assertionResults":[{"ancestorTitles":["Data & Validation"],"fullName":"Data & Validation 21. should pass validation for correct save data","status":"passed","title":"21. should pass validation for correct save data","duration":1.5402579999999944,"failureMessages":[],"location":{"line":8,"column":5},"meta":{}},{"ancestorTitles":["Data & Validation"],"fullName":"Data & Validation 22. should fail validation if levelIndex is negative","status":"passed","title":"22. should fail validation if levelIndex is negative","duration":0.23828500000001895,"failureMessages":[],"location":{"line":13,"column":5},"meta":{}},{"ancestorTitles":["Data & Validation"],"fullName":"Data & Validation 23. should fail validation if score is negative","status":"passed","title":"23. should fail validation if score is negative","duration":0.2007690000000366,"failureMessages":[],"location":{"line":18,"column":5},"meta":{}},{"ancestorTitles":["Data & Validation"],"fullName":"Data & Validation 24. should fail validation if coinsCollected is not an array","status":"passed","title":"24. should fail validation if coinsCollected is not an array","duration":0.29896300000001474,"failureMessages":[],"location":{"line":23,"column":5},"meta":{}},{"ancestorTitles":["Data & Validation"],"fullName":"Data & Validation 25. should fail validation for null/undefined data","status":"passed","title":"25. should fail validation for null/undefined data","duration":0.34792499999997517,"failureMessages":[],"location":{"line":28,"column":5},"meta":{}},{"ancestorTitles":["Data & Validation"],"fullName":"Data & Validation 26. should have at least 3 levels defined in constants","status":"passed","title":"26. should have at least 3 levels defined in constants","duration":0.2603709999999637,"failureMessages":[],"location":{"line":33,"column":5},"meta":{}},{"ancestorTitles":["Data & Validation"],"fullName":"Data & Validation 27. each level should have a starting position","status":"passed","title":"27. each level should have a starting position","duration":1.6751859999999965,"failureMessages":[],"location":{"line":37,"column":5},"meta":{}},{"ancestorTitles":["Data & Validation"],"fullName":"Data & Validation 28. each level should have at least one platform","status":"passed","title":"28. each level should have at least one platform","duration":0.38569499999999834,"failureMessages":[],"location":{"line":45,"column":5},"meta":{}},{"ancestorTitles":["Data & Validation"],"fullName":"Data & Validation 29. each level should have coins defined","status":"passed","title":"29. each level should have coins defined","duration":0.48293100000000777,"failureMessages":[],"location":{"line":51,"column":5},"meta":{}},{"ancestorTitles":["Data & Validation"],"fullName":"Data & Validation 30. exit should be within canvas boundaries for each level","status":"passed","title":"30. exit should be within canvas boundaries for each level","duration":0.8109739999999874,"failureMessages":[],"location":{"line":58,"column":5},"meta":{}}],"startTime":1778720245883,"endTime":1778720245888.811,"status":"passed","message":"","name":"/home/grinnazar_linux/University/AITSI/Project/tests/unit/state/unit-data-integrity_NH.test.ts"},{"assertionResults":[{"ancestorTitles":["Unit Tests: Backend Logic & State Transitions (VM)"],"fullName":"Unit Tests: Backend Logic & State Transitions (VM) 1. should invalidate empty save data object","status":"passed","title":"1. should invalidate empty save data object","duration":0.9917599999999993,"failureMessages":[],"location":{"line":7,"column":5},"meta":{}},{"ancestorTitles":["Unit Tests: Backend Logic & State Transitions (VM)"],"fullName":"Unit Tests: Backend Logic & State Transitions (VM) 2. should check for missing required keys in JSON via validator","status":"passed","title":"2. should check for missing required keys in JSON via validator","duration":0.14983200000000352,"failureMessages":[],"location":{"line":11,"column":5},"meta":{}},{"ancestorTitles":["Unit Tests: Backend Logic & State Transitions (VM)"],"fullName":"Unit Tests: Backend Logic & State Transitions (VM) 3. should invalidate data if coinsCollected is missing","status":"passed","title":"3. should invalidate data if coinsCollected is missing","duration":0.09032600000000457,"failureMessages":[],"location":{"line":16,"column":5},"meta":{}},{"ancestorTitles":["Unit Tests: Backend Logic & State Transitions (VM)"],"fullName":"Unit Tests: Backend Logic & State Transitions (VM) 4. should validate data against real LEVELS count","status":"passed","title":"4. should validate data against real LEVELS count","duration":0.17534800000004225,"failureMessages":[],"location":{"line":21,"column":5},"meta":{}},{"ancestorTitles":["Unit Tests: Backend Logic & State Transitions (VM)"],"fullName":"Unit Tests: Backend Logic & State Transitions (VM) 5. should handle max score validation (logical boundary)","status":"passed","title":"5. should handle max score validation (logical boundary)","duration":0.17298400000004222,"failureMessages":[],"location":{"line":27,"column":5},"meta":{}},{"ancestorTitles":["Unit Tests: Backend Logic & State Transitions (VM)"],"fullName":"Unit Tests: Backend Logic & State Transitions (VM) 6. should transition state logically (playing -> win)","status":"passed","title":"6. should transition state logically (playing -> win)","duration":0.1194229999999834,"failureMessages":[],"location":{"line":32,"column":5},"meta":{}},{"ancestorTitles":["Unit Tests: Backend Logic & State Transitions (VM)"],"fullName":"Unit Tests: Backend Logic & State Transitions (VM) 7. should transition state logically (playing -> game-over)","status":"passed","title":"7. should transition state logically (playing -> game-over)","duration":0.06563700000003792,"failureMessages":[],"location":{"line":38,"column":5},"meta":{}},{"ancestorTitles":["Unit Tests: Backend Logic & State Transitions (VM)"],"fullName":"Unit Tests: Backend Logic & State Transitions (VM) 8. should transition state logically (paused -> playing)","status":"passed","title":"8. should transition state logically (paused -> playing)","duration":0.06720799999999372,"failureMessages":[],"location":{"line":44,"column":5},"meta":{}},{"ancestorTitles":["Unit Tests: Backend Logic & State Transitions (VM)"],"fullName":"Unit Tests: Backend Logic & State Transitions (VM) 9. should transition state logically (start -> playing)","status":"passed","title":"9. should transition state logically (start -> playing)","duration":0.1423639999999864,"failureMessages":[],"location":{"line":50,"column":5},"meta":{}},{"ancestorTitles":["Unit Tests: Backend Logic & State Transitions (VM)"],"fullName":"Unit Tests: Backend Logic & State Transitions (VM) 10. should validate level index range based on LEVELS constants","status":"passed","title":"10. should validate level index range based on LEVELS constants","duration":0.7854379999999992,"failureMessages":[],"location":{"line":56,"column":5},"meta":{}}],"startTime":1778720245879,"endTime":1778720245881.7854,"status":"passed","message":"","name":"/home/grinnazar_linux/University/AITSI/Project/tests/unit/state/unit-state_VM.test.ts"}]}